<?xml version="1.0" encoding="UTF-8"?>
<!-- Generated by org.testng.reporters.JUnitReportReporter -->
<testsuite hostname="gauravr400" failures="0" tests="1" name="features.Swipe" time="51.429" errors="0" timestamp="2022-07-28T19:27:54 IST" skipped="0">
  <testcase classname="features.Swipe" name="InvokeTest" time="51.429"/>
  <system-out/>
</testsuite> <!-- features.Swipe -->
