<?xml version="1.0" encoding="UTF-8"?>
<!-- Generated by org.testng.reporters.JUnitReportReporter -->
<testsuite hostname="gauravr400" failures="0" tests="1" name="features.Drag" time="54.395" errors="0" timestamp="2022-07-28T19:27:54 IST" skipped="0">
  <testcase classname="features.Drag" name="InvokeTest" time="54.395"/>
  <system-out/>
</testsuite> <!-- features.Drag -->
