<?xml version="1.0" encoding="UTF-8"?>
<!-- Generated by org.testng.reporters.JUnitReportReporter -->
<testsuite hostname="gauravr400" failures="0" tests="1" name="features.WebView" time="51.243" errors="0" timestamp="2022-07-28T19:15:50 IST" skipped="0">
  <testcase classname="features.WebView" name="InvokeTest" time="51.243"/>
  <system-out/>
</testsuite> <!-- features.WebView -->
