<?xml version="1.0" encoding="UTF-8"?>
<!-- Generated by org.testng.reporters.JUnitReportReporter -->
<testsuite hostname="gauravr400" failures="0" tests="1" name="features.Login" time="38.556" errors="0" timestamp="2022-07-28T19:27:54 IST" skipped="0">
  <testcase classname="features.Login" name="InvokeTest" time="38.556"/>
  <system-out/>
</testsuite> <!-- features.Login -->
