<?xml version="1.0" encoding="UTF-8"?>
<!-- Generated by org.testng.reporters.JUnitReportReporter -->
<testsuite hostname="gauravr400" failures="0" tests="1" name="features.Forms" time="29.026" errors="0" timestamp="2022-07-28T19:27:54 IST" skipped="0">
  <testcase classname="features.Forms" name="InvokeTest" time="29.026"/>
  <system-out/>
</testsuite> <!-- features.Forms -->
