<?xml version="1.0" encoding="UTF-8"?>
<!-- Generated by org.testng.reporters.JUnitReportReporter -->
<testsuite hostname="gauravr400" failures="0" tests="1" name="features.SwipeII" time="67.251" errors="0" timestamp="2022-07-20T18:19:29 IST" skipped="0">
  <testcase classname="features.SwipeII" name="InvokeTest" time="67.251"/>
  <system-out/>
</testsuite> <!-- features.SwipeII -->
